Build started 1/10/2020 10:07:23 PM.
     1>Project "E:\0.Deepro_Pasha\6.11th_Grade\Robotics\GripPipelineC\GripPipelineC\GripPipelineC.vcxproj" on node 2 (Build target(s)).
     1>ClCompile:
         C:\Program Files (x86)\Microsoft Visual Studio 12.0\VC\bin\x86_amd64\CL.exe /c /I"E:\0.Deepro_Pasha\5.10th_Grade\Science Fair\opencv\build\include" /Zi /nologo /W3 /WX- /sdl /Od /D WIN32 /D _DEBUG /D _CONSOLE /D _LIB /D _UNICODE /D UNICODE /Gm /EHsc /RTC1 /MDd /GS /fp:precise /Zc:wchar_t /Zc:forScope /Yu"stdafx.h" /Fp"x64\Debug\GripPipelineC.pch" /Fo"x64\Debug\\" /Fd"x64\Debug\vc120.pdb" /Gd /TP /errorReport:prompt GripPipelineC.cpp
         GripPipelineC.cpp
     1>GripPipelineC.cpp(33): error C2065: 'MatOfPoint' : undeclared identifier
     1>GripPipelineC.cpp(33): error C2923: 'std::vector' : 'MatOfPoint' is not a valid template type argument for parameter '_Ty'
     1>GripPipelineC.cpp(33): error C2079: 'findContoursOutput' uses undefined class 'std::vector'
     1>Done Building Project "E:\0.Deepro_Pasha\6.11th_Grade\Robotics\GripPipelineC\GripPipelineC\GripPipelineC.vcxproj" (Build target(s)) -- FAILED.

Build FAILED.

Time Elapsed 00:00:09.25
